<?xml version="1.0" encoding="UTF-8"?>
<testsuite xmlns:xsi="http://www.w3.org/2001/XMLSchema-instance" xsi:noNamespaceSchemaLocation="https://maven.apache.org/surefire/maven-surefire-plugin/xsd/surefire-test-report.xsd" name="com.se2020.course.registration.unit.controller.UserControllerTest" time="6.714" tests="2" errors="0" skipped="0" failures="1">
  <properties>
[...]
</properties>
  <testcase name="contextLoads" classname="com.se2020.course.registration.unit.controller.UserControllerTest" time="0.213"/>
  <testcase name="testAddUser" classname="com.se2020.course.registration.unit.controller.UserControllerTest" time="0.6">
    <failure message="&#10;Expecting:&#10; &lt;&quot;Success&quot;&gt;&#10;to be equal to:&#10; &lt;&quot;Access denied&quot;&gt;&#10;but was not." type="org.opentest4j.AssertionFailedError"><![CDATA[org.opentest4j.AssertionFailedError: 

Expecting:
 <"Success">
to be equal to:
 <"Access denied">
but was not.
	at com.se2020.course.registration.unit.controller.UserControllerTest.testAddUser(UserControllerTest.java:50)
]]></failure>
    <system-out><![CDATA[2020-12-27 16:20:49.140  INFO 8180 --- [nio-8080-exec-1] o.a.c.c.C.[Tomcat].[localhost].[/]       : Initializing Spring DispatcherServlet 'dispatcherServlet'
2020-12-27 16:20:49.141  INFO 8180 --- [nio-8080-exec-1] o.s.web.servlet.DispatcherServlet        : Initializing Servlet 'dispatcherServlet'
2020-12-27 16:20:49.142  INFO 8180 --- [nio-8080-exec-1] o.s.web.servlet.DispatcherServlet        : Completed initialization in 1 ms
Hibernate: 
    select
        permission0_.id as id1_2_,
        permission0_.permission as permissi2_2_ 
    from
        permission permission0_ 
    where
        permission0_.permission=?
Hibernate: 
    select
        user0_.id as id1_8_,
        user0_.email as email2_8_,
        user0_.name as name3_8_,
        user0_.password as password4_8_,
        user0_.role as role5_8_,
        user0_.student_id as student_6_8_ 
    from
        user user0_ 
    where
        user0_.email=? 
        and user0_.password=?
Hibernate: 
    select
        role0_.id as id1_3_,
        role0_.role as role2_3_ 
    from
        role role0_ 
    where
        role0_.role=?
Hibernate: 
    select
        permission0_.role_id as role_id1_4_0_,
        permission0_.permission_id as permissi2_4_0_,
        permission1_.id as id1_2_1_,
        permission1_.permission as permissi2_2_1_ 
    from
        role_permission permission0_ 
    inner join
        permission permission1_ 
            on permission0_.permission_id=permission1_.id 
    where
        permission0_.role_id=?
Hibernate: 
    call next value for hibernate_sequence
Hibernate: 
    insert 
    into
        user
        (email, name, password, role, student_id, id) 
    values
        (?, ?, ?, ?, ?, ?)
]]></system-out>
  </testcase>
</testsuite>